<?xml version="1.0" encoding="UTF-8"?>
<coverage generated="1678293422460" clover="3.2.0">
  <project timestamp="1678293422460" name="All files">
    <metrics statements="22" coveredstatements="22" conditionals="2" coveredconditionals="2" methods="11" coveredmethods="11" elements="35" coveredelements="35" complexity="0" loc="22" ncloc="22" packages="1" files="3" classes="3"/>
    <file name="CitySearch.js" path="/Users/ruiafonso/Desktop/CF Front end/TASK 4/meet/src/CitySearch.js">
      <metrics statements="14" coveredstatements="14" conditionals="2" coveredconditionals="2" methods="8" coveredmethods="8"/>
      <line num="4" count="5" type="stmt"/>
      <line num="10" count="5" type="stmt"/>
      <line num="11" count="2" type="stmt"/>
      <line num="12" count="2" type="stmt"/>
      <line num="13" count="4" type="stmt"/>
      <line num="15" count="2" type="stmt"/>
      <line num="21" count="5" type="stmt"/>
      <line num="22" count="4" type="stmt"/>
      <line num="27" count="4" type="stmt"/>
      <line num="31" count="24" type="stmt"/>
      <line num="39" count="1" type="stmt"/>
      <line num="47" count="15" type="stmt"/>
      <line num="49" count="2" type="stmt"/>
      <line num="54" count="1" type="stmt"/>
    </file>
    <file name="api.js" path="/Users/ruiafonso/Desktop/CF Front end/TASK 4/meet/src/api.js">
      <metrics statements="6" coveredstatements="6" conditionals="0" coveredconditionals="0" methods="3" coveredmethods="3"/>
      <line num="3" count="2" type="stmt"/>
      <line num="4" count="9" type="stmt"/>
      <line num="7" count="2" type="stmt"/>
      <line num="8" count="16" type="stmt"/>
      <line num="9" count="8" type="stmt"/>
      <line num="10" count="8" type="stmt"/>
    </file>
    <file name="mock-data.js" path="/Users/ruiafonso/Desktop/CF Front end/TASK 4/meet/src/mock-data.js">
      <metrics statements="2" coveredstatements="2" conditionals="0" coveredconditionals="0" methods="0" coveredmethods="0"/>
      <line num="1" count="2" type="stmt"/>
      <line num="86" count="2" type="stmt"/>
    </file>
  </project>
</coverage>
