{"/Users/ruiafonso/Desktop/CF Front end/TASK 4/meet/src/App.js": {"path":"/Users/ruiafonso/Desktop/CF Front end/TASK 4/meet/src/App.js","statementMap":{"0":{"start":{"line":10,"column":10},"end":{"line":13,"column":3}},"1":{"start":{"line":16,"column":4},"end":{"line":16,"column":24}},"2":{"start":{"line":17,"column":4},"end":{"line":21,"column":7}},"3":{"start":{"line":18,"column":6},"end":{"line":20,"column":7}},"4":{"start":{"line":19,"column":8},"end":{"line":19,"column":71}},"5":{"start":{"line":25,"column":4},"end":{"line":25,"column":25}},"6":{"start":{"line":28,"column":17},"end":{"line":38,"column":3}},"7":{"start":{"line":29,"column":4},"end":{"line":37,"column":7}},"8":{"start":{"line":31,"column":8},"end":{"line":33,"column":65}},"9":{"start":{"line":33,"column":37},"end":{"line":33,"column":64}},"10":{"start":{"line":34,"column":6},"end":{"line":36,"column":9}},"11":{"start":{"line":41,"column":4},"end":{"line":51,"column":6}}},"fnMap":{"0":{"name":"(anonymous_0)","decl":{"start":{"line":15,"column":2},"end":{"line":15,"column":3}},"loc":{"start":{"line":15,"column":22},"end":{"line":22,"column":3}},"line":15},"1":{"name":"(anonymous_1)","decl":{"start":{"line":17,"column":21},"end":{"line":17,"column":22}},"loc":{"start":{"line":17,"column":33},"end":{"line":21,"column":5}},"line":17},"2":{"name":"(anonymous_2)","decl":{"start":{"line":24,"column":2},"end":{"line":24,"column":3}},"loc":{"start":{"line":24,"column":25},"end":{"line":26,"column":3}},"line":24},"3":{"name":"(anonymous_3)","decl":{"start":{"line":28,"column":17},"end":{"line":28,"column":18}},"loc":{"start":{"line":28,"column":31},"end":{"line":38,"column":3}},"line":28},"4":{"name":"(anonymous_4)","decl":{"start":{"line":29,"column":21},"end":{"line":29,"column":22}},"loc":{"start":{"line":29,"column":33},"end":{"line":37,"column":5}},"line":29},"5":{"name":"(anonymous_5)","decl":{"start":{"line":33,"column":26},"end":{"line":33,"column":27}},"loc":{"start":{"line":33,"column":37},"end":{"line":33,"column":64}},"line":33},"6":{"name":"(anonymous_6)","decl":{"start":{"line":40,"column":2},"end":{"line":40,"column":3}},"loc":{"start":{"line":40,"column":11},"end":{"line":52,"column":3}},"line":40}},"branchMap":{"0":{"loc":{"start":{"line":18,"column":6},"end":{"line":20,"column":7}},"type":"if","locations":[{"start":{"line":18,"column":6},"end":{"line":20,"column":7}},{"start":{},"end":{}}],"line":18},"1":{"loc":{"start":{"line":31,"column":8},"end":{"line":33,"column":65}},"type":"cond-expr","locations":[{"start":{"line":32,"column":12},"end":{"line":32,"column":18}},{"start":{"line":33,"column":12},"end":{"line":33,"column":65}}],"line":31}},"s":{"0":0,"1":0,"2":0,"3":0,"4":0,"5":0,"6":0,"7":0,"8":0,"9":0,"10":0,"11":0},"f":{"0":0,"1":0,"2":0,"3":0,"4":0,"5":0,"6":0},"b":{"0":[0,0],"1":[0,0]}}
,"/Users/ruiafonso/Desktop/CF Front end/TASK 4/meet/src/api.js": {"path":"/Users/ruiafonso/Desktop/CF Front end/TASK 4/meet/src/api.js","statementMap":{"0":{"start":{"line":5,"column":19},"end":{"line":13,"column":1}},"1":{"start":{"line":6,"column":17},"end":{"line":10,"column":35}},"2":{"start":{"line":9,"column":19},"end":{"line":9,"column":29}},"3":{"start":{"line":10,"column":22},"end":{"line":10,"column":34}},"4":{"start":{"line":12,"column":2},"end":{"line":12,"column":16}},"5":{"start":{"line":15,"column":25},"end":{"line":40,"column":1}},"6":{"start":{"line":16,"column":2},"end":{"line":16,"column":20}},"7":{"start":{"line":18,"column":2},"end":{"line":21,"column":3}},"8":{"start":{"line":19,"column":4},"end":{"line":19,"column":21}},"9":{"start":{"line":20,"column":4},"end":{"line":20,"column":20}},"10":{"start":{"line":23,"column":16},"end":{"line":23,"column":38}},"11":{"start":{"line":25,"column":2},"end":{"line":39,"column":3}},"12":{"start":{"line":26,"column":4},"end":{"line":26,"column":18}},"13":{"start":{"line":28,"column":6},"end":{"line":30,"column":11}},"14":{"start":{"line":31,"column":19},"end":{"line":31,"column":39}},"15":{"start":{"line":32,"column":4},"end":{"line":36,"column":5}},"16":{"start":{"line":33,"column":22},"end":{"line":33,"column":58}},"17":{"start":{"line":34,"column":6},"end":{"line":34,"column":70}},"18":{"start":{"line":35,"column":6},"end":{"line":35,"column":67}},"19":{"start":{"line":37,"column":4},"end":{"line":37,"column":21}},"20":{"start":{"line":38,"column":4},"end":{"line":38,"column":30}},"21":{"start":{"line":42,"column":32},"end":{"line":46,"column":1}},"22":{"start":{"line":43,"column":25},"end":{"line":43,"column":62}},"23":{"start":{"line":43,"column":47},"end":{"line":43,"column":61}},"24":{"start":{"line":44,"column":18},"end":{"line":44,"column":48}},"25":{"start":{"line":45,"column":2},"end":{"line":45,"column":19}},"26":{"start":{"line":48,"column":30},"end":{"line":67,"column":1}},"27":{"start":{"line":49,"column":22},"end":{"line":49,"column":58}},"28":{"start":{"line":51,"column":21},"end":{"line":51,"column":67}},"29":{"start":{"line":53,"column":2},"end":{"line":65,"column":3}},"30":{"start":{"line":54,"column":4},"end":{"line":54,"column":50}},"31":{"start":{"line":55,"column":25},"end":{"line":55,"column":68}},"32":{"start":{"line":56,"column":17},"end":{"line":56,"column":47}},"33":{"start":{"line":57,"column":4},"end":{"line":63,"column":5}},"34":{"start":{"line":58,"column":22},"end":{"line":60,"column":7}},"35":{"start":{"line":61,"column":26},"end":{"line":61,"column":38}},"36":{"start":{"line":62,"column":6},"end":{"line":62,"column":46}},"37":{"start":{"line":64,"column":4},"end":{"line":64,"column":34}},"38":{"start":{"line":66,"column":2},"end":{"line":66,"column":21}}},"fnMap":{"0":{"name":"(anonymous_0)","decl":{"start":{"line":5,"column":19},"end":{"line":5,"column":20}},"loc":{"start":{"line":5,"column":42},"end":{"line":13,"column":1}},"line":5},"1":{"name":"(anonymous_1)","decl":{"start":{"line":9,"column":10},"end":{"line":9,"column":11}},"loc":{"start":{"line":9,"column":19},"end":{"line":9,"column":29}},"line":9},"2":{"name":"(anonymous_2)","decl":{"start":{"line":10,"column":11},"end":{"line":10,"column":12}},"loc":{"start":{"line":10,"column":22},"end":{"line":10,"column":34}},"line":10},"3":{"name":"(anonymous_3)","decl":{"start":{"line":15,"column":25},"end":{"line":15,"column":26}},"loc":{"start":{"line":15,"column":37},"end":{"line":40,"column":1}},"line":15},"4":{"name":"(anonymous_4)","decl":{"start":{"line":42,"column":32},"end":{"line":42,"column":33}},"loc":{"start":{"line":42,"column":44},"end":{"line":46,"column":1}},"line":42},"5":{"name":"(anonymous_5)","decl":{"start":{"line":43,"column":36},"end":{"line":43,"column":37}},"loc":{"start":{"line":43,"column":47},"end":{"line":43,"column":61}},"line":43},"6":{"name":"(anonymous_6)","decl":{"start":{"line":48,"column":30},"end":{"line":48,"column":31}},"loc":{"start":{"line":48,"column":42},"end":{"line":67,"column":1}},"line":48}},"branchMap":{"0":{"loc":{"start":{"line":18,"column":2},"end":{"line":21,"column":3}},"type":"if","locations":[{"start":{"line":18,"column":2},"end":{"line":21,"column":3}},{"start":{},"end":{}}],"line":18},"1":{"loc":{"start":{"line":25,"column":2},"end":{"line":39,"column":3}},"type":"if","locations":[{"start":{"line":25,"column":2},"end":{"line":39,"column":3}},{"start":{},"end":{}}],"line":25},"2":{"loc":{"start":{"line":32,"column":4},"end":{"line":36,"column":5}},"type":"if","locations":[{"start":{"line":32,"column":4},"end":{"line":36,"column":5}},{"start":{},"end":{}}],"line":32},"3":{"loc":{"start":{"line":51,"column":21},"end":{"line":51,"column":67}},"type":"binary-expr","locations":[{"start":{"line":51,"column":21},"end":{"line":51,"column":32}},{"start":{"line":51,"column":37},"end":{"line":51,"column":66}}],"line":51},"4":{"loc":{"start":{"line":53,"column":2},"end":{"line":65,"column":3}},"type":"if","locations":[{"start":{"line":53,"column":2},"end":{"line":65,"column":3}},{"start":{},"end":{}}],"line":53},"5":{"loc":{"start":{"line":53,"column":6},"end":{"line":53,"column":38}},"type":"binary-expr","locations":[{"start":{"line":53,"column":6},"end":{"line":53,"column":18}},{"start":{"line":53,"column":22},"end":{"line":53,"column":38}}],"line":53},"6":{"loc":{"start":{"line":57,"column":4},"end":{"line":63,"column":5}},"type":"if","locations":[{"start":{"line":57,"column":4},"end":{"line":63,"column":5}},{"start":{},"end":{}}],"line":57},"7":{"loc":{"start":{"line":64,"column":11},"end":{"line":64,"column":33}},"type":"binary-expr","locations":[{"start":{"line":64,"column":11},"end":{"line":64,"column":15}},{"start":{"line":64,"column":19},"end":{"line":64,"column":33}}],"line":64}},"s":{"0":0,"1":0,"2":0,"3":0,"4":0,"5":0,"6":0,"7":0,"8":0,"9":0,"10":0,"11":0,"12":0,"13":0,"14":0,"15":0,"16":0,"17":0,"18":0,"19":0,"20":0,"21":0,"22":0,"23":0,"24":0,"25":0,"26":0,"27":0,"28":0,"29":0,"30":0,"31":0,"32":0,"33":0,"34":0,"35":0,"36":0,"37":0,"38":0},"f":{"0":0,"1":0,"2":0,"3":0,"4":0,"5":0,"6":0},"b":{"0":[0,0],"1":[0,0],"2":[0,0],"3":[0,0],"4":[0,0],"5":[0,0],"6":[0,0],"7":[0,0]}}
}
