{"/Users/ruiafonso/Desktop/CF Front end/TASK 4/meet/src/CitySearch.js": {"path":"/Users/ruiafonso/Desktop/CF Front end/TASK 4/meet/src/CitySearch.js","statementMap":{"0":{"start":{"line":4,"column":10},"end":{"line":8,"column":3}},"1":{"start":{"line":10,"column":23},"end":{"line":19,"column":3}},"2":{"start":{"line":11,"column":18},"end":{"line":11,"column":36}},"3":{"start":{"line":12,"column":24},"end":{"line":14,"column":6}},"4":{"start":{"line":13,"column":6},"end":{"line":13,"column":70}},"5":{"start":{"line":15,"column":4},"end":{"line":18,"column":7}},"6":{"start":{"line":21,"column":22},"end":{"line":28,"column":3}},"7":{"start":{"line":22,"column":4},"end":{"line":25,"column":7}},"8":{"start":{"line":27,"column":4},"end":{"line":27,"column":40}},"9":{"start":{"line":31,"column":4},"end":{"line":59,"column":6}},"10":{"start":{"line":39,"column":12},"end":{"line":39,"column":53}},"11":{"start":{"line":47,"column":12},"end":{"line":52,"column":17}},"12":{"start":{"line":49,"column":29},"end":{"line":49,"column":63}},"13":{"start":{"line":54,"column":29},"end":{"line":54,"column":58}}},"fnMap":{"0":{"name":"(anonymous_0)","decl":{"start":{"line":10,"column":23},"end":{"line":10,"column":24}},"loc":{"start":{"line":10,"column":34},"end":{"line":19,"column":3}},"line":10},"1":{"name":"(anonymous_1)","decl":{"start":{"line":12,"column":52},"end":{"line":12,"column":53}},"loc":{"start":{"line":12,"column":66},"end":{"line":14,"column":5}},"line":12},"2":{"name":"(anonymous_2)","decl":{"start":{"line":21,"column":22},"end":{"line":21,"column":23}},"loc":{"start":{"line":21,"column":38},"end":{"line":28,"column":3}},"line":21},"3":{"name":"(anonymous_3)","decl":{"start":{"line":30,"column":2},"end":{"line":30,"column":3}},"loc":{"start":{"line":30,"column":11},"end":{"line":60,"column":3}},"line":30},"4":{"name":"(anonymous_4)","decl":{"start":{"line":38,"column":19},"end":{"line":38,"column":20}},"loc":{"start":{"line":38,"column":25},"end":{"line":40,"column":11}},"line":38},"5":{"name":"(anonymous_5)","decl":{"start":{"line":46,"column":38},"end":{"line":46,"column":39}},"loc":{"start":{"line":47,"column":12},"end":{"line":52,"column":17}},"line":47},"6":{"name":"(anonymous_6)","decl":{"start":{"line":49,"column":23},"end":{"line":49,"column":24}},"loc":{"start":{"line":49,"column":29},"end":{"line":49,"column":63}},"line":49},"7":{"name":"(anonymous_7)","decl":{"start":{"line":54,"column":23},"end":{"line":54,"column":24}},"loc":{"start":{"line":54,"column":29},"end":{"line":54,"column":58}},"line":54}},"branchMap":{"0":{"loc":{"start":{"line":44,"column":17},"end":{"line":44,"column":70}},"type":"cond-expr","locations":[{"start":{"line":44,"column":46},"end":{"line":44,"column":48}},{"start":{"line":44,"column":51},"end":{"line":44,"column":70}}],"line":44}},"s":{"0":5,"1":5,"2":2,"3":2,"4":4,"5":2,"6":5,"7":4,"8":4,"9":24,"10":1,"11":15,"12":2,"13":1},"f":{"0":2,"1":4,"2":4,"3":24,"4":1,"5":15,"6":2,"7":1},"b":{"0":[1,23]},"_coverageSchema":"1a1c01bbd47fc00a2c39e90264f33305004495a9","hash":"2c40f072ed67877f1a897345650459fa9466a4eb"}
,"/Users/ruiafonso/Desktop/CF Front end/TASK 4/meet/src/api.js": {"path":"/Users/ruiafonso/Desktop/CF Front end/TASK 4/meet/src/api.js","statementMap":{"0":{"start":{"line":3,"column":25},"end":{"line":5,"column":1}},"1":{"start":{"line":4,"column":2},"end":{"line":4,"column":18}},"2":{"start":{"line":7,"column":32},"end":{"line":11,"column":1}},"3":{"start":{"line":8,"column":25},"end":{"line":8,"column":62}},"4":{"start":{"line":8,"column":47},"end":{"line":8,"column":61}},"5":{"start":{"line":9,"column":18},"end":{"line":9,"column":48}},"6":{"start":{"line":10,"column":2},"end":{"line":10,"column":19}}},"fnMap":{"0":{"name":"(anonymous_0)","decl":{"start":{"line":3,"column":25},"end":{"line":3,"column":26}},"loc":{"start":{"line":3,"column":37},"end":{"line":5,"column":1}},"line":3},"1":{"name":"(anonymous_1)","decl":{"start":{"line":7,"column":32},"end":{"line":7,"column":33}},"loc":{"start":{"line":7,"column":44},"end":{"line":11,"column":1}},"line":7},"2":{"name":"(anonymous_2)","decl":{"start":{"line":8,"column":36},"end":{"line":8,"column":37}},"loc":{"start":{"line":8,"column":47},"end":{"line":8,"column":61}},"line":8}},"branchMap":{},"s":{"0":2,"1":9,"2":2,"3":8,"4":16,"5":8,"6":8},"f":{"0":9,"1":8,"2":16},"b":{},"_coverageSchema":"1a1c01bbd47fc00a2c39e90264f33305004495a9","hash":"be2818fc73c581fbbe289446618aa54dea280748"}
,"/Users/ruiafonso/Desktop/CF Front end/TASK 4/meet/src/mock-data.js": {"path":"/Users/ruiafonso/Desktop/CF Front end/TASK 4/meet/src/mock-data.js","statementMap":{"0":{"start":{"line":1,"column":17},"end":{"line":84,"column":1}},"1":{"start":{"line":86,"column":0},"end":{"line":86,"column":37}}},"fnMap":{},"branchMap":{},"s":{"0":2,"1":2},"f":{},"b":{},"_coverageSchema":"1a1c01bbd47fc00a2c39e90264f33305004495a9","hash":"8cc88d3d893e636ecda608fd37c3c2617754226b"}
}
