TN:
SF:src/CitySearch.js
FN:10,(anonymous_0)
FN:12,(anonymous_1)
FN:21,(anonymous_2)
FN:30,(anonymous_3)
FN:38,(anonymous_4)
FN:46,(anonymous_5)
FN:49,(anonymous_6)
FN:54,(anonymous_7)
FNF:8
FNH:8
FNDA:2,(anonymous_0)
FNDA:4,(anonymous_1)
FNDA:4,(anonymous_2)
FNDA:24,(anonymous_3)
FNDA:1,(anonymous_4)
FNDA:15,(anonymous_5)
FNDA:2,(anonymous_6)
FNDA:1,(anonymous_7)
DA:4,5
DA:10,5
DA:11,2
DA:12,2
DA:13,4
DA:15,2
DA:21,5
DA:22,4
DA:27,4
DA:31,24
DA:39,1
DA:47,15
DA:49,2
DA:54,1
LF:14
LH:14
BRDA:44,0,0,1
BRDA:44,0,1,23
BRF:2
BRH:2
end_of_record
TN:
SF:src/api.js
FN:3,(anonymous_0)
FN:7,(anonymous_1)
FN:8,(anonymous_2)
FNF:3
FNH:3
FNDA:9,(anonymous_0)
FNDA:8,(anonymous_1)
FNDA:16,(anonymous_2)
DA:3,2
DA:4,9
DA:7,2
DA:8,16
DA:9,8
DA:10,8
LF:6
LH:6
BRF:0
BRH:0
end_of_record
TN:
SF:src/mock-data.js
FNF:0
FNH:0
DA:1,2
DA:86,2
LF:2
LH:2
BRF:0
BRH:0
end_of_record
